# JRE version: OpenJDK Runtime Environment (7.0_79-b14) (build 1.7.0_79-b14)
# Java VM: OpenJDK 64-Bit Server VM (24.79-b02 mixed mode linux-amd64 compressed oops)
Heap
 PSYoungGen      total 29696K, used 27266K [0x00000007d7200000, 0x00000007d9380000, 0x0000000800000000)
  eden space 28160K, 96% used [0x00000007d7200000,0x00000007d8c80820,0x00000007d8d80000)
  from space 1536K, 8% used [0x00000007d9080000,0x00000007d90a0000,0x00000007d9200000)
  to   space 1536K, 0% used [0x00000007d9200000,0x00000007d9200000,0x00000007d9380000)
 ParOldGen       total 83456K, used 484K [0x0000000785600000, 0x000000078a780000, 0x00000007d7200000)
  object space 83456K, 0% used [0x0000000785600000,0x0000000785679070,0x000000078a780000)
 PSPermGen       total 21504K, used 4293K [0x000000077b000000, 0x000000077c500000, 0x0000000785600000)
  object space 21504K, 19% used [0x000000077b000000,0x000000077b431678,0x000000077c500000)
GC Heap History (10 events):
Event: 92.315 GC heap before
{Heap before GC invocations=7 (full 0):
 PSYoungGen      total 31232K, used 31216K [0x00000007d7200000, 0x00000007d9580000, 0x0000000800000000)
  eden space 30720K, 100% used [0x00000007d7200000,0x00000007d9000000,0x00000007d9000000)
  from space 512K, 96% used [0x00000007d9500000,0x00000007d957c010,0x00000007d9580000)
  to   space 1536K, 0% used [0x00000007d9280000,0x00000007d9280000,0x00000007d9400000)
 ParOldGen       total 83456K, used 8K [0x0000000785600000, 0x000000078a780000, 0x00000007d7200000)
  object space 83456K, 0% used [0x0000000785600000,0x0000000785602000,0x000000078a780000)
 PSPermGen       total 21504K, used 4281K [0x000000077b000000, 0x000000077c500000, 0x0000000785600000)
  object space 21504K, 19% used [0x000000077b000000,0x000000077b42e7f8,0x000000077c500000)
Event: 92.319 GC heap after
Heap after GC invocations=7 (full 0):
 PSYoungGen      total 31744K, used 448K [0x00000007d7200000, 0x00000007d9580000, 0x0000000800000000)
  eden space 30208K, 0% used [0x00000007d7200000,0x00000007d7200000,0x00000007d8f80000)
  from space 1536K, 29% used [0x00000007d9280000,0x00000007d92f0000,0x00000007d9400000)
  to   space 1536K, 0% used [0x00000007d9400000,0x00000007d9400000,0x00000007d9580000)
 ParOldGen       total 83456K, used 436K [0x0000000785600000, 0x000000078a780000, 0x00000007d7200000)
  object space 83456K, 0% used [0x0000000785600000,0x000000078566d070,0x000000078a780000)
 PSPermGen       total 21504K, used 4281K [0x000000077b000000, 0x000000077c500000, 0x0000000785600000)
  object space 21504K, 19% used [0x000000077b000000,0x000000077b42e7f8,0x000000077c500000)
}
Event: 94.250 GC heap before
{Heap before GC invocations=8 (full 0):
 PSYoungGen      total 31744K, used 30656K [0x00000007d7200000, 0x00000007d9580000, 0x0000000800000000)
  eden space 30208K, 100% used [0x00000007d7200000,0x00000007d8f80000,0x00000007d8f80000)
  from space 1536K, 29% used [0x00000007d9280000,0x00000007d92f0000,0x00000007d9400000)
  to   space 1536K, 0% used [0x00000007d9400000,0x00000007d9400000,0x00000007d9580000)
 ParOldGen       total 83456K, used 436K [0x0000000785600000, 0x000000078a780000, 0x00000007d7200000)
  object space 83456K, 0% used [0x0000000785600000,0x000000078566d070,0x000000078a780000)
 PSPermGen       total 21504K, used 4282K [0x000000077b000000, 0x000000077c500000, 0x0000000785600000)
  object space 21504K, 19% used [0x000000077b000000,0x000000077b42e818,0x000000077c500000)
Event: 94.251 GC heap after
Heap after GC invocations=8 (full 0):
 PSYoungGen      total 30208K, used 128K [0x00000007d7200000, 0x00000007d9480000, 0x0000000800000000)
  eden space 29696K, 0% used [0x00000007d7200000,0x00000007d7200000,0x00000007d8f00000)
  from space 512K, 25% used [0x00000007d9400000,0x00000007d9420000,0x00000007d9480000)
  to   space 1536K, 0% used [0x00000007d9180000,0x00000007d9180000,0x00000007d9300000)
 ParOldGen       total 83456K, used 436K [0x0000000785600000, 0x000000078a780000, 0x00000007d7200000)
  object space 83456K, 0% used [0x0000000785600000,0x000000078566d070,0x000000078a780000)
 PSPermGen       total 21504K, used 4282K [0x000000077b000000, 0x000000077c500000, 0x0000000785600000)
  object space 21504K, 19% used [0x000000077b000000,0x000000077b42e818,0x000000077c500000)
}
Event: 96.034 GC heap before
{Heap before GC invocations=9 (full 0):
 PSYoungGen      total 30208K, used 29824K [0x00000007d7200000, 0x00000007d9480000, 0x0000000800000000)
  eden space 29696K, 100% used [0x00000007d7200000,0x00000007d8f00000,0x00000007d8f00000)
  from space 512K, 25% used [0x00000007d9400000,0x00000007d9420000,0x00000007d9480000)
  to   space 1536K, 0% used [0x00000007d9180000,0x00000007d9180000,0x00000007d9300000)
 ParOldGen       total 83456K, used 436K [0x0000000785600000, 0x000000078a780000, 0x00000007d7200000)
  object space 83456K, 0% used [0x0000000785600000,0x000000078566d070,0x000000078a780000)
 PSPermGen       total 21504K, used 4282K [0x000000077b000000, 0x000000077c500000, 0x0000000785600000)
  object space 21504K, 19% used [0x000000077b000000,0x000000077b42e8c8,0x000000077c500000)
Event: 96.036 GC heap after
Heap after GC invocations=9 (full 0):
 PSYoungGen      total 30720K, used 128K [0x00000007d7200000, 0x00000007d9480000, 0x0000000800000000)
  eden space 29184K, 0% used [0x00000007d7200000,0x00000007d7200000,0x00000007d8e80000)
  from space 1536K, 8% used [0x00000007d9180000,0x00000007d91a0000,0x00000007d9300000)
  to   space 1536K, 0% used [0x00000007d9300000,0x00000007d9300000,0x00000007d9480000)
 ParOldGen       total 83456K, used 444K [0x0000000785600000, 0x000000078a780000, 0x00000007d7200000)
  object space 83456K, 0% used [0x0000000785600000,0x000000078566f070,0x000000078a780000)
 PSPermGen       total 21504K, used 4282K [0x000000077b000000, 0x000000077c500000, 0x0000000785600000)
  object space 21504K, 19% used [0x000000077b000000,0x000000077b42e8c8,0x000000077c500000)
}
Event: 96.947 GC heap before
{Heap before GC invocations=10 (full 0):
 PSYoungGen      total 30720K, used 29312K [0x00000007d7200000, 0x00000007d9480000, 0x0000000800000000)
  eden space 29184K, 100% used [0x00000007d7200000,0x00000007d8e80000,0x00000007d8e80000)
  from space 1536K, 8% used [0x00000007d9180000,0x00000007d91a0000,0x00000007d9300000)
  to   space 1536K, 0% used [0x00000007d9300000,0x00000007d9300000,0x00000007d9480000)
 ParOldGen       total 83456K, used 444K [0x0000000785600000, 0x000000078a780000, 0x00000007d7200000)
  object space 83456K, 0% used [0x0000000785600000,0x000000078566f070,0x000000078a780000)
 PSPermGen       total 21504K, used 4282K [0x000000077b000000, 0x000000077c500000, 0x0000000785600000)
  object space 21504K, 19% used [0x000000077b000000,0x000000077b42e980,0x000000077c500000)
Event: 96.948 GC heap after
Heap after GC invocations=10 (full 0):
 PSYoungGen      total 29184K, used 128K [0x00000007d7200000, 0x00000007d9380000, 0x0000000800000000)
  eden space 28672K, 0% used [0x00000007d7200000,0x00000007d7200000,0x00000007d8e00000)
  from space 512K, 25% used [0x00000007d9300000,0x00000007d9320000,0x00000007d9380000)
  to   space 1536K, 0% used [0x00000007d9080000,0x00000007d9080000,0x00000007d9200000)
 ParOldGen       total 83456K, used 460K [0x0000000785600000, 0x000000078a780000, 0x00000007d7200000)
  object space 83456K, 0% used [0x0000000785600000,0x0000000785673070,0x000000078a780000)
 PSPermGen       total 21504K, used 4282K [0x000000077b000000, 0x000000077c500000, 0x0000000785600000)
  object space 21504K, 19% used [0x000000077b000000,0x000000077b42e980,0x000000077c500000)
}
Event: 98.789 GC heap before
{Heap before GC invocations=11 (full 0):
 PSYoungGen      total 29184K, used 28800K [0x00000007d7200000, 0x00000007d9380000, 0x0000000800000000)
  eden space 28672K, 100% used [0x00000007d7200000,0x00000007d8e00000,0x00000007d8e00000)
  from space 512K, 25% used [0x00000007d9300000,0x00000007d9320000,0x00000007d9380000)
  to   space 1536K, 0% used [0x00000007d9080000,0x00000007d9080000,0x00000007d9200000)
 ParOldGen       total 83456K, used 460K [0x0000000785600000, 0x000000078a780000, 0x00000007d7200000)
  object space 83456K, 0% used [0x0000000785600000,0x0000000785673070,0x000000078a780000)
 PSPermGen       total 21504K, used 4282K [0x000000077b000000, 0x000000077c500000, 0x0000000785600000)
  object space 21504K, 19% used [0x000000077b000000,0x000000077b42ea38,0x000000077c500000)
Event: 98.790 GC heap after
Heap after GC invocations=11 (full 0):
 PSYoungGen      total 29696K, used 128K [0x00000007d7200000, 0x00000007d9380000, 0x0000000800000000)
  eden space 28160K, 0% used [0x00000007d7200000,0x00000007d7200000,0x00000007d8d80000)
  from space 1536K, 8% used [0x00000007d9080000,0x00000007d90a0000,0x00000007d9200000)
  to   space 1536K, 0% used [0x00000007d9200000,0x00000007d9200000,0x00000007d9380000)
 ParOldGen       total 83456K, used 484K [0x0000000785600000, 0x000000078a780000, 0x00000007d7200000)
  object space 83456K, 0% used [0x0000000785600000,0x0000000785679070,0x000000078a780000)
 PSPermGen       total 21504K, used 4282K [0x000000077b000000, 0x000000077c500000, 0x0000000785600000)
  object space 21504K, 19% used [0x000000077b000000,0x000000077b42ea38,0x000000077c500000)
}

