# JRE version: OpenJDK Runtime Environment (7.0_79-b14) (build 1.7.0_79-b14)
# Java VM: OpenJDK 64-Bit Server VM (24.79-b02 mixed mode linux-amd64 compressed oops)
Heap
 PSYoungGen      total 24064K, used 7477K [0x00000007d7200000, 0x00000007d9100000, 0x0000000800000000)
  eden space 23552K, 30% used [0x00000007d7200000,0x00000007d78ed678,0x00000007d8900000)
  from space 512K, 75% used [0x00000007d9000000,0x00000007d9060000,0x00000007d9080000)
  to   space 512K, 0% used [0x00000007d9080000,0x00000007d9080000,0x00000007d9100000)
 ParOldGen       total 83456K, used 22108K [0x0000000785600000, 0x000000078a780000, 0x00000007d7200000)
  object space 83456K, 26% used [0x0000000785600000,0x0000000786b97070,0x000000078a780000)
 PSPermGen       total 21504K, used 4670K [0x000000077b000000, 0x000000077c500000, 0x0000000785600000)
  object space 21504K, 21% used [0x000000077b000000,0x000000077b48f968,0x000000077c500000)
GC Heap History (10 events):
Event: 596.687 GC heap before
{Heap before GC invocations=1273 (full 0):
 PSYoungGen      total 24064K, used 23648K [0x00000007d7200000, 0x00000007d9100000, 0x0000000800000000)
  eden space 23552K, 100% used [0x00000007d7200000,0x00000007d8900000,0x00000007d8900000)
  from space 512K, 18% used [0x00000007d9080000,0x00000007d9098000,0x00000007d9100000)
  to   space 512K, 0% used [0x00000007d9000000,0x00000007d9000000,0x00000007d9080000)
 ParOldGen       total 83456K, used 22020K [0x0000000785600000, 0x000000078a780000, 0x00000007d7200000)
  object space 83456K, 26% used [0x0000000785600000,0x0000000786b81070,0x000000078a780000)
 PSPermGen       total 21504K, used 4670K [0x000000077b000000, 0x000000077c500000, 0x0000000785600000)
  object space 21504K, 21% used [0x000000077b000000,0x000000077b48f8c0,0x000000077c500000)
Event: 596.688 GC heap after
Heap after GC invocations=1273 (full 0):
 PSYoungGen      total 24064K, used 128K [0x00000007d7200000, 0x00000007d9100000, 0x0000000800000000)
  eden space 23552K, 0% used [0x00000007d7200000,0x00000007d7200000,0x00000007d8900000)
  from space 512K, 25% used [0x00000007d9000000,0x00000007d9020000,0x00000007d9080000)
  to   space 512K, 0% used [0x00000007d9080000,0x00000007d9080000,0x00000007d9100000)
 ParOldGen       total 83456K, used 22036K [0x0000000785600000, 0x000000078a780000, 0x00000007d7200000)
  object space 83456K, 26% used [0x0000000785600000,0x0000000786b85070,0x000000078a780000)
 PSPermGen       total 21504K, used 4670K [0x000000077b000000, 0x000000077c500000, 0x0000000785600000)
  object space 21504K, 21% used [0x000000077b000000,0x000000077b48f8c0,0x000000077c500000)
}
Event: 597.327 GC heap before
{Heap before GC invocations=1274 (full 0):
 PSYoungGen      total 24064K, used 23680K [0x00000007d7200000, 0x00000007d9100000, 0x0000000800000000)
  eden space 23552K, 100% used [0x00000007d7200000,0x00000007d8900000,0x00000007d8900000)
  from space 512K, 25% used [0x00000007d9000000,0x00000007d9020000,0x00000007d9080000)
  to   space 512K, 0% used [0x00000007d9080000,0x00000007d9080000,0x00000007d9100000)
 ParOldGen       total 83456K, used 22036K [0x0000000785600000, 0x000000078a780000, 0x00000007d7200000)
  object space 83456K, 26% used [0x0000000785600000,0x0000000786b85070,0x000000078a780000)
 PSPermGen       total 21504K, used 4670K [0x000000077b000000, 0x000000077c500000, 0x0000000785600000)
  object space 21504K, 21% used [0x000000077b000000,0x000000077b48f8c0,0x000000077c500000)
Event: 597.327 GC heap after
Heap after GC invocations=1274 (full 0):
 PSYoungGen      total 24064K, used 128K [0x00000007d7200000, 0x00000007d9100000, 0x0000000800000000)
  eden space 23552K, 0% used [0x00000007d7200000,0x00000007d7200000,0x00000007d8900000)
  from space 512K, 25% used [0x00000007d9080000,0x00000007d90a0000,0x00000007d9100000)
  to   space 512K, 0% used [0x00000007d9000000,0x00000007d9000000,0x00000007d9080000)
 ParOldGen       total 83456K, used 22052K [0x0000000785600000, 0x000000078a780000, 0x00000007d7200000)
  object space 83456K, 26% used [0x0000000785600000,0x0000000786b89070,0x000000078a780000)
 PSPermGen       total 21504K, used 4670K [0x000000077b000000, 0x000000077c500000, 0x0000000785600000)
  object space 21504K, 21% used [0x000000077b000000,0x000000077b48f8c0,0x000000077c500000)
}
Event: 598.207 GC heap before
{Heap before GC invocations=1275 (full 0):
 PSYoungGen      total 24064K, used 23680K [0x00000007d7200000, 0x00000007d9100000, 0x0000000800000000)
  eden space 23552K, 100% used [0x00000007d7200000,0x00000007d8900000,0x00000007d8900000)
  from space 512K, 25% used [0x00000007d9080000,0x00000007d90a0000,0x00000007d9100000)
  to   space 512K, 0% used [0x00000007d9000000,0x00000007d9000000,0x00000007d9080000)
 ParOldGen       total 83456K, used 22052K [0x0000000785600000, 0x000000078a780000, 0x00000007d7200000)
  object space 83456K, 26% used [0x0000000785600000,0x0000000786b89070,0x000000078a780000)
 PSPermGen       total 21504K, used 4670K [0x000000077b000000, 0x000000077c500000, 0x0000000785600000)
  object space 21504K, 21% used [0x000000077b000000,0x000000077b48f8c0,0x000000077c500000)
Event: 598.208 GC heap after
Heap after GC invocations=1275 (full 0):
 PSYoungGen      total 24064K, used 128K [0x00000007d7200000, 0x00000007d9100000, 0x0000000800000000)
  eden space 23552K, 0% used [0x00000007d7200000,0x00000007d7200000,0x00000007d8900000)
  from space 512K, 25% used [0x00000007d9000000,0x00000007d9020000,0x00000007d9080000)
  to   space 512K, 0% used [0x00000007d9080000,0x00000007d9080000,0x00000007d9100000)
 ParOldGen       total 83456K, used 22068K [0x0000000785600000, 0x000000078a780000, 0x00000007d7200000)
  object space 83456K, 26% used [0x0000000785600000,0x0000000786b8d070,0x000000078a780000)
 PSPermGen       total 21504K, used 4670K [0x000000077b000000, 0x000000077c500000, 0x0000000785600000)
  object space 21504K, 21% used [0x000000077b000000,0x000000077b48f8c0,0x000000077c500000)
}
Event: 600.011 GC heap before
{Heap before GC invocations=1276 (full 0):
 PSYoungGen      total 24064K, used 23680K [0x00000007d7200000, 0x00000007d9100000, 0x0000000800000000)
  eden space 23552K, 100% used [0x00000007d7200000,0x00000007d8900000,0x00000007d8900000)
  from space 512K, 25% used [0x00000007d9000000,0x00000007d9020000,0x00000007d9080000)
  to   space 512K, 0% used [0x00000007d9080000,0x00000007d9080000,0x00000007d9100000)
 ParOldGen       total 83456K, used 22068K [0x0000000785600000, 0x000000078a780000, 0x00000007d7200000)
  object space 83456K, 26% used [0x0000000785600000,0x0000000786b8d070,0x000000078a780000)
 PSPermGen       total 21504K, used 4670K [0x000000077b000000, 0x000000077c500000, 0x0000000785600000)
  object space 21504K, 21% used [0x000000077b000000,0x000000077b48f8c0,0x000000077c500000)
Event: 600.012 GC heap after
Heap after GC invocations=1276 (full 0):
 PSYoungGen      total 24064K, used 128K [0x00000007d7200000, 0x00000007d9100000, 0x0000000800000000)
  eden space 23552K, 0% used [0x00000007d7200000,0x00000007d7200000,0x00000007d8900000)
  from space 512K, 25% used [0x00000007d9080000,0x00000007d90a0000,0x00000007d9100000)
  to   space 512K, 0% used [0x00000007d9000000,0x00000007d9000000,0x00000007d9080000)
 ParOldGen       total 83456K, used 22084K [0x0000000785600000, 0x000000078a780000, 0x00000007d7200000)
  object space 83456K, 26% used [0x0000000785600000,0x0000000786b91070,0x000000078a780000)
 PSPermGen       total 21504K, used 4670K [0x000000077b000000, 0x000000077c500000, 0x0000000785600000)
  object space 21504K, 21% used [0x000000077b000000,0x000000077b48f8c0,0x000000077c500000)
}
Event: 627.852 GC heap before
{Heap before GC invocations=1277 (full 0):
 PSYoungGen      total 24064K, used 23680K [0x00000007d7200000, 0x00000007d9100000, 0x0000000800000000)
  eden space 23552K, 100% used [0x00000007d7200000,0x00000007d8900000,0x00000007d8900000)
  from space 512K, 25% used [0x00000007d9080000,0x00000007d90a0000,0x00000007d9100000)
  to   space 512K, 0% used [0x00000007d9000000,0x00000007d9000000,0x00000007d9080000)
 ParOldGen       total 83456K, used 22084K [0x0000000785600000, 0x000000078a780000, 0x00000007d7200000)
  object space 83456K, 26% used [0x0000000785600000,0x0000000786b91070,0x000000078a780000)
 PSPermGen       total 21504K, used 4670K [0x000000077b000000, 0x000000077c500000, 0x0000000785600000)
  object space 21504K, 21% used [0x000000077b000000,0x000000077b48f968,0x000000077c500000)
Event: 627.853 GC heap after
Heap after GC invocations=1277 (full 0):
 PSYoungGen      total 24064K, used 384K [0x00000007d7200000, 0x00000007d9100000, 0x0000000800000000)
  eden space 23552K, 0% used [0x00000007d7200000,0x00000007d7200000,0x00000007d8900000)
  from space 512K, 75% used [0x00000007d9000000,0x00000007d9060000,0x00000007d9080000)
  to   space 512K, 0% used [0x00000007d9080000,0x00000007d9080000,0x00000007d9100000)
 ParOldGen       total 83456K, used 22108K [0x0000000785600000, 0x000000078a780000, 0x00000007d7200000)
  object space 83456K, 26% used [0x0000000785600000,0x0000000786b97070,0x000000078a780000)
 PSPermGen       total 21504K, used 4670K [0x000000077b000000, 0x000000077c500000, 0x0000000785600000)
  object space 21504K, 21% used [0x000000077b000000,0x000000077b48f968,0x000000077c500000)
}

