# JRE version: OpenJDK Runtime Environment (7.0_79-b14) (build 1.7.0_79-b14)
# Java VM: OpenJDK 64-Bit Server VM (24.79-b02 mixed mode linux-amd64 compressed oops)
Heap
 PSYoungGen      total 24064K, used 20715K [0x00000007d7200000, 0x00000007d9180000, 0x0000000800000000)
  eden space 23552K, 86% used [0x00000007d7200000,0x00000007d85dad30,0x00000007d8900000)
  from space 512K, 75% used [0x00000007d9100000,0x00000007d9160000,0x00000007d9180000)
  to   space 512K, 0% used [0x00000007d9080000,0x00000007d9080000,0x00000007d9100000)
 ParOldGen       total 83456K, used 75916K [0x0000000785600000, 0x000000078a780000, 0x00000007d7200000)
  object space 83456K, 90% used [0x0000000785600000,0x000000078a023070,0x000000078a780000)
 PSPermGen       total 21504K, used 4672K [0x000000077b000000, 0x000000077c500000, 0x0000000785600000)
  object space 21504K, 21% used [0x000000077b000000,0x000000077b4902b8,0x000000077c500000)
GC Heap History (10 events):
Event: 2126.404 GC heap before
{Heap before GC invocations=4494 (full 0):
 PSYoungGen      total 24064K, used 23648K [0x00000007d7200000, 0x00000007d9180000, 0x0000000800000000)
  eden space 23552K, 100% used [0x00000007d7200000,0x00000007d8900000,0x00000007d8900000)
  from space 512K, 18% used [0x00000007d9080000,0x00000007d9098000,0x00000007d9100000)
  to   space 512K, 0% used [0x00000007d9100000,0x00000007d9100000,0x00000007d9180000)
 ParOldGen       total 83456K, used 75804K [0x0000000785600000, 0x000000078a780000, 0x00000007d7200000)
  object space 83456K, 90% used [0x0000000785600000,0x000000078a007070,0x000000078a780000)
 PSPermGen       total 21504K, used 4671K [0x000000077b000000, 0x000000077c500000, 0x0000000785600000)
  object space 21504K, 21% used [0x000000077b000000,0x000000077b48fee8,0x000000077c500000)
Event: 2126.405 GC heap after
Heap after GC invocations=4494 (full 0):
 PSYoungGen      total 24064K, used 128K [0x00000007d7200000, 0x00000007d9180000, 0x0000000800000000)
  eden space 23552K, 0% used [0x00000007d7200000,0x00000007d7200000,0x00000007d8900000)
  from space 512K, 25% used [0x00000007d9100000,0x00000007d9120000,0x00000007d9180000)
  to   space 512K, 0% used [0x00000007d9080000,0x00000007d9080000,0x00000007d9100000)
 ParOldGen       total 83456K, used 75828K [0x0000000785600000, 0x000000078a780000, 0x00000007d7200000)
  object space 83456K, 90% used [0x0000000785600000,0x000000078a00d070,0x000000078a780000)
 PSPermGen       total 21504K, used 4671K [0x000000077b000000, 0x000000077c500000, 0x0000000785600000)
  object space 21504K, 21% used [0x000000077b000000,0x000000077b48fee8,0x000000077c500000)
}
Event: 2126.978 GC heap before
{Heap before GC invocations=4495 (full 0):
 PSYoungGen      total 24064K, used 23680K [0x00000007d7200000, 0x00000007d9180000, 0x0000000800000000)
  eden space 23552K, 100% used [0x00000007d7200000,0x00000007d8900000,0x00000007d8900000)
  from space 512K, 25% used [0x00000007d9100000,0x00000007d9120000,0x00000007d9180000)
  to   space 512K, 0% used [0x00000007d9080000,0x00000007d9080000,0x00000007d9100000)
 ParOldGen       total 83456K, used 75828K [0x0000000785600000, 0x000000078a780000, 0x00000007d7200000)
  object space 83456K, 90% used [0x0000000785600000,0x000000078a00d070,0x000000078a780000)
 PSPermGen       total 21504K, used 4671K [0x000000077b000000, 0x000000077c500000, 0x0000000785600000)
  object space 21504K, 21% used [0x000000077b000000,0x000000077b48fee8,0x000000077c500000)
Event: 2126.978 GC heap after
Heap after GC invocations=4495 (full 0):
 PSYoungGen      total 24064K, used 96K [0x00000007d7200000, 0x00000007d9180000, 0x0000000800000000)
  eden space 23552K, 0% used [0x00000007d7200000,0x00000007d7200000,0x00000007d8900000)
  from space 512K, 18% used [0x00000007d9080000,0x00000007d9098000,0x00000007d9100000)
  to   space 512K, 0% used [0x00000007d9100000,0x00000007d9100000,0x00000007d9180000)
 ParOldGen       total 83456K, used 75852K [0x0000000785600000, 0x000000078a780000, 0x00000007d7200000)
  object space 83456K, 90% used [0x0000000785600000,0x000000078a013070,0x000000078a780000)
 PSPermGen       total 21504K, used 4671K [0x000000077b000000, 0x000000077c500000, 0x0000000785600000)
  object space 21504K, 21% used [0x000000077b000000,0x000000077b48fee8,0x000000077c500000)
}
Event: 2128.115 GC heap before
{Heap before GC invocations=4496 (full 0):
 PSYoungGen      total 24064K, used 23648K [0x00000007d7200000, 0x00000007d9180000, 0x0000000800000000)
  eden space 23552K, 100% used [0x00000007d7200000,0x00000007d8900000,0x00000007d8900000)
  from space 512K, 18% used [0x00000007d9080000,0x00000007d9098000,0x00000007d9100000)
  to   space 512K, 0% used [0x00000007d9100000,0x00000007d9100000,0x00000007d9180000)
 ParOldGen       total 83456K, used 75852K [0x0000000785600000, 0x000000078a780000, 0x00000007d7200000)
  object space 83456K, 90% used [0x0000000785600000,0x000000078a013070,0x000000078a780000)
 PSPermGen       total 21504K, used 4671K [0x000000077b000000, 0x000000077c500000, 0x0000000785600000)
  object space 21504K, 21% used [0x000000077b000000,0x000000077b48fee8,0x000000077c500000)
Event: 2128.115 GC heap after
Heap after GC invocations=4496 (full 0):
 PSYoungGen      total 24064K, used 96K [0x00000007d7200000, 0x00000007d9180000, 0x0000000800000000)
  eden space 23552K, 0% used [0x00000007d7200000,0x00000007d7200000,0x00000007d8900000)
  from space 512K, 18% used [0x00000007d9100000,0x00000007d9118000,0x00000007d9180000)
  to   space 512K, 0% used [0x00000007d9080000,0x00000007d9080000,0x00000007d9100000)
 ParOldGen       total 83456K, used 75868K [0x0000000785600000, 0x000000078a780000, 0x00000007d7200000)
  object space 83456K, 90% used [0x0000000785600000,0x000000078a017070,0x000000078a780000)
 PSPermGen       total 21504K, used 4671K [0x000000077b000000, 0x000000077c500000, 0x0000000785600000)
  object space 21504K, 21% used [0x000000077b000000,0x000000077b48fee8,0x000000077c500000)
}
Event: 2130.829 GC heap before
{Heap before GC invocations=4497 (full 0):
 PSYoungGen      total 24064K, used 23648K [0x00000007d7200000, 0x00000007d9180000, 0x0000000800000000)
  eden space 23552K, 100% used [0x00000007d7200000,0x00000007d8900000,0x00000007d8900000)
  from space 512K, 18% used [0x00000007d9100000,0x00000007d9118000,0x00000007d9180000)
  to   space 512K, 0% used [0x00000007d9080000,0x00000007d9080000,0x00000007d9100000)
 ParOldGen       total 83456K, used 75868K [0x0000000785600000, 0x000000078a780000, 0x00000007d7200000)
  object space 83456K, 90% used [0x0000000785600000,0x000000078a017070,0x000000078a780000)
 PSPermGen       total 21504K, used 4672K [0x000000077b000000, 0x000000077c500000, 0x0000000785600000)
  object space 21504K, 21% used [0x000000077b000000,0x000000077b4901a8,0x000000077c500000)
Event: 2130.829 GC heap after
Heap after GC invocations=4497 (full 0):
 PSYoungGen      total 24064K, used 128K [0x00000007d7200000, 0x00000007d9180000, 0x0000000800000000)
  eden space 23552K, 0% used [0x00000007d7200000,0x00000007d7200000,0x00000007d8900000)
  from space 512K, 25% used [0x00000007d9080000,0x00000007d90a0000,0x00000007d9100000)
  to   space 512K, 0% used [0x00000007d9100000,0x00000007d9100000,0x00000007d9180000)
 ParOldGen       total 83456K, used 75892K [0x0000000785600000, 0x000000078a780000, 0x00000007d7200000)
  object space 83456K, 90% used [0x0000000785600000,0x000000078a01d070,0x000000078a780000)
 PSPermGen       total 21504K, used 4672K [0x000000077b000000, 0x000000077c500000, 0x0000000785600000)
  object space 21504K, 21% used [0x000000077b000000,0x000000077b4901a8,0x000000077c500000)
}
Event: 2174.439 GC heap before
{Heap before GC invocations=4498 (full 0):
 PSYoungGen      total 24064K, used 23680K [0x00000007d7200000, 0x00000007d9180000, 0x0000000800000000)
  eden space 23552K, 100% used [0x00000007d7200000,0x00000007d8900000,0x00000007d8900000)
  from space 512K, 25% used [0x00000007d9080000,0x00000007d90a0000,0x00000007d9100000)
  to   space 512K, 0% used [0x00000007d9100000,0x00000007d9100000,0x00000007d9180000)
 ParOldGen       total 83456K, used 75892K [0x0000000785600000, 0x000000078a780000, 0x00000007d7200000)
  object space 83456K, 90% used [0x0000000785600000,0x000000078a01d070,0x000000078a780000)
 PSPermGen       total 21504K, used 4672K [0x000000077b000000, 0x000000077c500000, 0x0000000785600000)
  object space 21504K, 21% used [0x000000077b000000,0x000000077b4902b8,0x000000077c500000)
Event: 2174.442 GC heap after
Heap after GC invocations=4498 (full 0):
 PSYoungGen      total 24064K, used 384K [0x00000007d7200000, 0x00000007d9180000, 0x0000000800000000)
  eden space 23552K, 0% used [0x00000007d7200000,0x00000007d7200000,0x00000007d8900000)
  from space 512K, 75% used [0x00000007d9100000,0x00000007d9160000,0x00000007d9180000)
  to   space 512K, 0% used [0x00000007d9080000,0x00000007d9080000,0x00000007d9100000)
 ParOldGen       total 83456K, used 75916K [0x0000000785600000, 0x000000078a780000, 0x00000007d7200000)
  object space 83456K, 90% used [0x0000000785600000,0x000000078a023070,0x000000078a780000)
 PSPermGen       total 21504K, used 4672K [0x000000077b000000, 0x000000077c500000, 0x0000000785600000)
  object space 21504K, 21% used [0x000000077b000000,0x000000077b4902b8,0x000000077c500000)
}

